ARM GAS  D:\cygwin64\tmp\ccemRd4T.s 			page 1


   1              		.cpu cortex-m7
   2              		.arch armv7e-m
   3              		.fpu fpv5-sp-d16
   4              		.eabi_attribute 27, 1
   5              		.eabi_attribute 28, 1
   6              		.eabi_attribute 20, 1
   7              		.eabi_attribute 21, 1
   8              		.eabi_attribute 23, 3
   9              		.eabi_attribute 24, 1
  10              		.eabi_attribute 25, 1
  11              		.eabi_attribute 26, 1
  12              		.eabi_attribute 30, 1
  13              		.eabi_attribute 34, 1
  14              		.eabi_attribute 18, 4
  15              		.file	"usart.c"
  16              		.text
  17              	.Ltext0:
  18              		.cfi_sections	.debug_frame
  19              		.file 1 "Core/Src/usart.c"
  20              		.section	.text.MX_USART6_UART_Init,"ax",%progbits
  21              		.align	1
  22              		.global	MX_USART6_UART_Init
  23              		.syntax unified
  24              		.thumb
  25              		.thumb_func
  27              	MX_USART6_UART_Init:
  28              	.LFB144:
   1:Core/Src/usart.c **** /* USER CODE BEGIN Header */
   2:Core/Src/usart.c **** /**
   3:Core/Src/usart.c ****   ******************************************************************************
   4:Core/Src/usart.c ****   * @file    usart.c
   5:Core/Src/usart.c ****   * @brief   This file provides code for the configuration
   6:Core/Src/usart.c ****   *          of the USART instances.
   7:Core/Src/usart.c ****   ******************************************************************************
   8:Core/Src/usart.c ****   * @attention
   9:Core/Src/usart.c ****   *
  10:Core/Src/usart.c ****   * Copyright (c) 2024 STMicroelectronics.
  11:Core/Src/usart.c ****   * All rights reserved.
  12:Core/Src/usart.c ****   *
  13:Core/Src/usart.c ****   * This software is licensed under terms that can be found in the LICENSE file
  14:Core/Src/usart.c ****   * in the root directory of this software component.
  15:Core/Src/usart.c ****   * If no LICENSE file comes with this software, it is provided AS-IS.
  16:Core/Src/usart.c ****   *
  17:Core/Src/usart.c ****   ******************************************************************************
  18:Core/Src/usart.c ****   */
  19:Core/Src/usart.c **** /* USER CODE END Header */
  20:Core/Src/usart.c **** /* Includes ------------------------------------------------------------------*/
  21:Core/Src/usart.c **** #include "usart.h"
  22:Core/Src/usart.c **** 
  23:Core/Src/usart.c **** /* USER CODE BEGIN 0 */
  24:Core/Src/usart.c **** #include "stdio.h"
  25:Core/Src/usart.c **** 
  26:Core/Src/usart.c **** 
  27:Core/Src/usart.c **** USART6_DEF usart6_def;
  28:Core/Src/usart.c **** 
  29:Core/Src/usart.c **** /* USER CODE END 0 */
  30:Core/Src/usart.c **** 
ARM GAS  D:\cygwin64\tmp\ccemRd4T.s 			page 2


  31:Core/Src/usart.c **** UART_HandleTypeDef huart6;
  32:Core/Src/usart.c **** 
  33:Core/Src/usart.c **** /* USART6 init function */
  34:Core/Src/usart.c **** 
  35:Core/Src/usart.c **** void MX_USART6_UART_Init(void)
  36:Core/Src/usart.c **** {
  29              		.loc 1 36 1 view -0
  30              		.cfi_startproc
  31              		@ args = 0, pretend = 0, frame = 0
  32              		@ frame_needed = 0, uses_anonymous_args = 0
  33 0000 08B5     		push	{r3, lr}
  34              	.LCFI0:
  35              		.cfi_def_cfa_offset 8
  36              		.cfi_offset 3, -8
  37              		.cfi_offset 14, -4
  37:Core/Src/usart.c **** 
  38:Core/Src/usart.c ****   /* USER CODE BEGIN USART6_Init 0 */
  39:Core/Src/usart.c **** 
  40:Core/Src/usart.c ****   /* USER CODE END USART6_Init 0 */
  41:Core/Src/usart.c **** 
  42:Core/Src/usart.c ****   /* USER CODE BEGIN USART6_Init 1 */
  43:Core/Src/usart.c **** 
  44:Core/Src/usart.c ****   /* USER CODE END USART6_Init 1 */
  45:Core/Src/usart.c ****   huart6.Instance = USART6;
  38              		.loc 1 45 3 view .LVU1
  39              		.loc 1 45 19 is_stmt 0 view .LVU2
  40 0002 0B48     		ldr	r0, .L5
  41 0004 0B4B     		ldr	r3, .L5+4
  42 0006 0360     		str	r3, [r0]
  46:Core/Src/usart.c ****   huart6.Init.BaudRate = 115200;
  43              		.loc 1 46 3 is_stmt 1 view .LVU3
  44              		.loc 1 46 24 is_stmt 0 view .LVU4
  45 0008 4FF4E133 		mov	r3, #115200
  46 000c 4360     		str	r3, [r0, #4]
  47:Core/Src/usart.c ****   huart6.Init.WordLength = UART_WORDLENGTH_8B;
  47              		.loc 1 47 3 is_stmt 1 view .LVU5
  48              		.loc 1 47 26 is_stmt 0 view .LVU6
  49 000e 0023     		movs	r3, #0
  50 0010 8360     		str	r3, [r0, #8]
  48:Core/Src/usart.c ****   huart6.Init.StopBits = UART_STOPBITS_1;
  51              		.loc 1 48 3 is_stmt 1 view .LVU7
  52              		.loc 1 48 24 is_stmt 0 view .LVU8
  53 0012 C360     		str	r3, [r0, #12]
  49:Core/Src/usart.c ****   huart6.Init.Parity = UART_PARITY_NONE;
  54              		.loc 1 49 3 is_stmt 1 view .LVU9
  55              		.loc 1 49 22 is_stmt 0 view .LVU10
  56 0014 0361     		str	r3, [r0, #16]
  50:Core/Src/usart.c ****   huart6.Init.Mode = UART_MODE_TX_RX;
  57              		.loc 1 50 3 is_stmt 1 view .LVU11
  58              		.loc 1 50 20 is_stmt 0 view .LVU12
  59 0016 0C22     		movs	r2, #12
  60 0018 4261     		str	r2, [r0, #20]
  51:Core/Src/usart.c ****   huart6.Init.HwFlowCtl = UART_HWCONTROL_NONE;
  61              		.loc 1 51 3 is_stmt 1 view .LVU13
  62              		.loc 1 51 25 is_stmt 0 view .LVU14
  63 001a 8361     		str	r3, [r0, #24]
  52:Core/Src/usart.c ****   huart6.Init.OverSampling = UART_OVERSAMPLING_16;
ARM GAS  D:\cygwin64\tmp\ccemRd4T.s 			page 3


  64              		.loc 1 52 3 is_stmt 1 view .LVU15
  65              		.loc 1 52 28 is_stmt 0 view .LVU16
  66 001c C361     		str	r3, [r0, #28]
  53:Core/Src/usart.c ****   huart6.Init.OneBitSampling = UART_ONE_BIT_SAMPLE_DISABLE;
  67              		.loc 1 53 3 is_stmt 1 view .LVU17
  68              		.loc 1 53 30 is_stmt 0 view .LVU18
  69 001e 0362     		str	r3, [r0, #32]
  54:Core/Src/usart.c ****   huart6.AdvancedInit.AdvFeatureInit = UART_ADVFEATURE_NO_INIT;
  70              		.loc 1 54 3 is_stmt 1 view .LVU19
  71              		.loc 1 54 38 is_stmt 0 view .LVU20
  72 0020 4362     		str	r3, [r0, #36]
  55:Core/Src/usart.c ****   if (HAL_UART_Init(&huart6) != HAL_OK)
  73              		.loc 1 55 3 is_stmt 1 view .LVU21
  74              		.loc 1 55 7 is_stmt 0 view .LVU22
  75 0022 FFF7FEFF 		bl	HAL_UART_Init
  76              	.LVL0:
  77              		.loc 1 55 6 discriminator 1 view .LVU23
  78 0026 00B9     		cbnz	r0, .L4
  79              	.L1:
  56:Core/Src/usart.c ****   {
  57:Core/Src/usart.c ****     Error_Handler();
  58:Core/Src/usart.c ****   }
  59:Core/Src/usart.c ****   /* USER CODE BEGIN USART6_Init 2 */
  60:Core/Src/usart.c **** 
  61:Core/Src/usart.c ****   /* USER CODE END USART6_Init 2 */
  62:Core/Src/usart.c **** 
  63:Core/Src/usart.c **** }
  80              		.loc 1 63 1 view .LVU24
  81 0028 08BD     		pop	{r3, pc}
  82              	.L4:
  57:Core/Src/usart.c ****   }
  83              		.loc 1 57 5 is_stmt 1 view .LVU25
  84 002a FFF7FEFF 		bl	Error_Handler
  85              	.LVL1:
  86              		.loc 1 63 1 is_stmt 0 view .LVU26
  87 002e FBE7     		b	.L1
  88              	.L6:
  89              		.align	2
  90              	.L5:
  91 0030 00000000 		.word	huart6
  92 0034 00140140 		.word	1073812480
  93              		.cfi_endproc
  94              	.LFE144:
  96              		.section	.text.HAL_UART_MspInit,"ax",%progbits
  97              		.align	1
  98              		.global	HAL_UART_MspInit
  99              		.syntax unified
 100              		.thumb
 101              		.thumb_func
 103              	HAL_UART_MspInit:
 104              	.LVL2:
 105              	.LFB145:
  64:Core/Src/usart.c **** 
  65:Core/Src/usart.c **** void HAL_UART_MspInit(UART_HandleTypeDef* uartHandle)
  66:Core/Src/usart.c **** {
 106              		.loc 1 66 1 is_stmt 1 view -0
 107              		.cfi_startproc
ARM GAS  D:\cygwin64\tmp\ccemRd4T.s 			page 4


 108              		@ args = 0, pretend = 0, frame = 160
 109              		@ frame_needed = 0, uses_anonymous_args = 0
 110              		.loc 1 66 1 is_stmt 0 view .LVU28
 111 0000 10B5     		push	{r4, lr}
 112              	.LCFI1:
 113              		.cfi_def_cfa_offset 8
 114              		.cfi_offset 4, -8
 115              		.cfi_offset 14, -4
 116 0002 A8B0     		sub	sp, sp, #160
 117              	.LCFI2:
 118              		.cfi_def_cfa_offset 168
 119 0004 0446     		mov	r4, r0
  67:Core/Src/usart.c **** 
  68:Core/Src/usart.c ****   GPIO_InitTypeDef GPIO_InitStruct = {0};
 120              		.loc 1 68 3 is_stmt 1 view .LVU29
 121              		.loc 1 68 20 is_stmt 0 view .LVU30
 122 0006 0021     		movs	r1, #0
 123 0008 2391     		str	r1, [sp, #140]
 124 000a 2491     		str	r1, [sp, #144]
 125 000c 2591     		str	r1, [sp, #148]
 126 000e 2691     		str	r1, [sp, #152]
 127 0010 2791     		str	r1, [sp, #156]
  69:Core/Src/usart.c ****   RCC_PeriphCLKInitTypeDef PeriphClkInitStruct = {0};
 128              		.loc 1 69 3 is_stmt 1 view .LVU31
 129              		.loc 1 69 28 is_stmt 0 view .LVU32
 130 0012 8422     		movs	r2, #132
 131 0014 02A8     		add	r0, sp, #8
 132              	.LVL3:
 133              		.loc 1 69 28 view .LVU33
 134 0016 FFF7FEFF 		bl	memset
 135              	.LVL4:
  70:Core/Src/usart.c ****   if(uartHandle->Instance==USART6)
 136              		.loc 1 70 3 is_stmt 1 view .LVU34
 137              		.loc 1 70 16 is_stmt 0 view .LVU35
 138 001a 2268     		ldr	r2, [r4]
 139              		.loc 1 70 5 view .LVU36
 140 001c 1C4B     		ldr	r3, .L13
 141 001e 9A42     		cmp	r2, r3
 142 0020 01D0     		beq	.L11
 143              	.LVL5:
 144              	.L7:
  71:Core/Src/usart.c ****   {
  72:Core/Src/usart.c ****   /* USER CODE BEGIN USART6_MspInit 0 */
  73:Core/Src/usart.c **** 
  74:Core/Src/usart.c ****   /* USER CODE END USART6_MspInit 0 */
  75:Core/Src/usart.c **** 
  76:Core/Src/usart.c ****   /** Initializes the peripherals clock
  77:Core/Src/usart.c ****   */
  78:Core/Src/usart.c ****     PeriphClkInitStruct.PeriphClockSelection = RCC_PERIPHCLK_USART6;
  79:Core/Src/usart.c ****     PeriphClkInitStruct.Usart6ClockSelection = RCC_USART6CLKSOURCE_PCLK2;
  80:Core/Src/usart.c ****     if (HAL_RCCEx_PeriphCLKConfig(&PeriphClkInitStruct) != HAL_OK)
  81:Core/Src/usart.c ****     {
  82:Core/Src/usart.c ****       Error_Handler();
  83:Core/Src/usart.c ****     }
  84:Core/Src/usart.c **** 
  85:Core/Src/usart.c ****     /* USART6 clock enable */
  86:Core/Src/usart.c ****     __HAL_RCC_USART6_CLK_ENABLE();
ARM GAS  D:\cygwin64\tmp\ccemRd4T.s 			page 5


  87:Core/Src/usart.c **** 
  88:Core/Src/usart.c ****     __HAL_RCC_GPIOC_CLK_ENABLE();
  89:Core/Src/usart.c ****     /**USART6 GPIO Configuration
  90:Core/Src/usart.c ****     PC7     ------> USART6_RX
  91:Core/Src/usart.c ****     PC6     ------> USART6_TX
  92:Core/Src/usart.c ****     */
  93:Core/Src/usart.c ****     GPIO_InitStruct.Pin = GPIO_PIN_7|GPIO_PIN_6;
  94:Core/Src/usart.c ****     GPIO_InitStruct.Mode = GPIO_MODE_AF_PP;
  95:Core/Src/usart.c ****     GPIO_InitStruct.Pull = GPIO_NOPULL;
  96:Core/Src/usart.c ****     GPIO_InitStruct.Speed = GPIO_SPEED_FREQ_VERY_HIGH;
  97:Core/Src/usart.c ****     GPIO_InitStruct.Alternate = GPIO_AF8_USART6;
  98:Core/Src/usart.c ****     HAL_GPIO_Init(GPIOC, &GPIO_InitStruct);
  99:Core/Src/usart.c **** 
 100:Core/Src/usart.c ****     /* USART6 interrupt Init */
 101:Core/Src/usart.c ****     HAL_NVIC_SetPriority(USART6_IRQn, 2, 2);
 102:Core/Src/usart.c ****     HAL_NVIC_EnableIRQ(USART6_IRQn);
 103:Core/Src/usart.c ****   /* USER CODE BEGIN USART6_MspInit 1 */
 104:Core/Src/usart.c **** 
 105:Core/Src/usart.c ****   /* USER CODE END USART6_MspInit 1 */
 106:Core/Src/usart.c ****   }
 107:Core/Src/usart.c **** }
 145              		.loc 1 107 1 view .LVU37
 146 0022 28B0     		add	sp, sp, #160
 147              	.LCFI3:
 148              		.cfi_remember_state
 149              		.cfi_def_cfa_offset 8
 150              		@ sp needed
 151 0024 10BD     		pop	{r4, pc}
 152              	.LVL6:
 153              	.L11:
 154              	.LCFI4:
 155              		.cfi_restore_state
  78:Core/Src/usart.c ****     PeriphClkInitStruct.Usart6ClockSelection = RCC_USART6CLKSOURCE_PCLK2;
 156              		.loc 1 78 5 is_stmt 1 view .LVU38
  78:Core/Src/usart.c ****     PeriphClkInitStruct.Usart6ClockSelection = RCC_USART6CLKSOURCE_PCLK2;
 157              		.loc 1 78 46 is_stmt 0 view .LVU39
 158 0026 4FF40063 		mov	r3, #2048
 159 002a 0293     		str	r3, [sp, #8]
  79:Core/Src/usart.c ****     if (HAL_RCCEx_PeriphCLKConfig(&PeriphClkInitStruct) != HAL_OK)
 160              		.loc 1 79 5 is_stmt 1 view .LVU40
  80:Core/Src/usart.c ****     {
 161              		.loc 1 80 5 view .LVU41
  80:Core/Src/usart.c ****     {
 162              		.loc 1 80 9 is_stmt 0 view .LVU42
 163 002c 02A8     		add	r0, sp, #8
 164 002e FFF7FEFF 		bl	HAL_RCCEx_PeriphCLKConfig
 165              	.LVL7:
  80:Core/Src/usart.c ****     {
 166              		.loc 1 80 8 discriminator 1 view .LVU43
 167 0032 48BB     		cbnz	r0, .L12
 168              	.L9:
  86:Core/Src/usart.c **** 
 169              		.loc 1 86 5 is_stmt 1 view .LVU44
 170              	.LBB2:
  86:Core/Src/usart.c **** 
 171              		.loc 1 86 5 view .LVU45
  86:Core/Src/usart.c **** 
ARM GAS  D:\cygwin64\tmp\ccemRd4T.s 			page 6


 172              		.loc 1 86 5 view .LVU46
 173 0034 174B     		ldr	r3, .L13+4
 174 0036 5A6C     		ldr	r2, [r3, #68]
 175 0038 42F02002 		orr	r2, r2, #32
 176 003c 5A64     		str	r2, [r3, #68]
  86:Core/Src/usart.c **** 
 177              		.loc 1 86 5 view .LVU47
 178 003e 5A6C     		ldr	r2, [r3, #68]
 179 0040 02F02002 		and	r2, r2, #32
 180 0044 0092     		str	r2, [sp]
  86:Core/Src/usart.c **** 
 181              		.loc 1 86 5 view .LVU48
 182 0046 009A     		ldr	r2, [sp]
 183              	.LBE2:
  86:Core/Src/usart.c **** 
 184              		.loc 1 86 5 view .LVU49
  88:Core/Src/usart.c ****     /**USART6 GPIO Configuration
 185              		.loc 1 88 5 view .LVU50
 186              	.LBB3:
  88:Core/Src/usart.c ****     /**USART6 GPIO Configuration
 187              		.loc 1 88 5 view .LVU51
  88:Core/Src/usart.c ****     /**USART6 GPIO Configuration
 188              		.loc 1 88 5 view .LVU52
 189 0048 1A6B     		ldr	r2, [r3, #48]
 190 004a 42F00402 		orr	r2, r2, #4
 191 004e 1A63     		str	r2, [r3, #48]
  88:Core/Src/usart.c ****     /**USART6 GPIO Configuration
 192              		.loc 1 88 5 view .LVU53
 193 0050 1B6B     		ldr	r3, [r3, #48]
 194 0052 03F00403 		and	r3, r3, #4
 195 0056 0193     		str	r3, [sp, #4]
  88:Core/Src/usart.c ****     /**USART6 GPIO Configuration
 196              		.loc 1 88 5 view .LVU54
 197 0058 019B     		ldr	r3, [sp, #4]
 198              	.LBE3:
  88:Core/Src/usart.c ****     /**USART6 GPIO Configuration
 199              		.loc 1 88 5 view .LVU55
  93:Core/Src/usart.c ****     GPIO_InitStruct.Mode = GPIO_MODE_AF_PP;
 200              		.loc 1 93 5 view .LVU56
  93:Core/Src/usart.c ****     GPIO_InitStruct.Mode = GPIO_MODE_AF_PP;
 201              		.loc 1 93 25 is_stmt 0 view .LVU57
 202 005a C023     		movs	r3, #192
 203 005c 2393     		str	r3, [sp, #140]
  94:Core/Src/usart.c ****     GPIO_InitStruct.Pull = GPIO_NOPULL;
 204              		.loc 1 94 5 is_stmt 1 view .LVU58
  94:Core/Src/usart.c ****     GPIO_InitStruct.Pull = GPIO_NOPULL;
 205              		.loc 1 94 26 is_stmt 0 view .LVU59
 206 005e 0224     		movs	r4, #2
 207              	.LVL8:
  94:Core/Src/usart.c ****     GPIO_InitStruct.Pull = GPIO_NOPULL;
 208              		.loc 1 94 26 view .LVU60
 209 0060 2494     		str	r4, [sp, #144]
  95:Core/Src/usart.c ****     GPIO_InitStruct.Speed = GPIO_SPEED_FREQ_VERY_HIGH;
 210              		.loc 1 95 5 is_stmt 1 view .LVU61
  95:Core/Src/usart.c ****     GPIO_InitStruct.Speed = GPIO_SPEED_FREQ_VERY_HIGH;
 211              		.loc 1 95 26 is_stmt 0 view .LVU62
 212 0062 0023     		movs	r3, #0
ARM GAS  D:\cygwin64\tmp\ccemRd4T.s 			page 7


 213 0064 2593     		str	r3, [sp, #148]
  96:Core/Src/usart.c ****     GPIO_InitStruct.Alternate = GPIO_AF8_USART6;
 214              		.loc 1 96 5 is_stmt 1 view .LVU63
  96:Core/Src/usart.c ****     GPIO_InitStruct.Alternate = GPIO_AF8_USART6;
 215              		.loc 1 96 27 is_stmt 0 view .LVU64
 216 0066 0323     		movs	r3, #3
 217 0068 2693     		str	r3, [sp, #152]
  97:Core/Src/usart.c ****     HAL_GPIO_Init(GPIOC, &GPIO_InitStruct);
 218              		.loc 1 97 5 is_stmt 1 view .LVU65
  97:Core/Src/usart.c ****     HAL_GPIO_Init(GPIOC, &GPIO_InitStruct);
 219              		.loc 1 97 31 is_stmt 0 view .LVU66
 220 006a 0823     		movs	r3, #8
 221 006c 2793     		str	r3, [sp, #156]
  98:Core/Src/usart.c **** 
 222              		.loc 1 98 5 is_stmt 1 view .LVU67
 223 006e 23A9     		add	r1, sp, #140
 224 0070 0948     		ldr	r0, .L13+8
 225 0072 FFF7FEFF 		bl	HAL_GPIO_Init
 226              	.LVL9:
 101:Core/Src/usart.c ****     HAL_NVIC_EnableIRQ(USART6_IRQn);
 227              		.loc 1 101 5 view .LVU68
 228 0076 2246     		mov	r2, r4
 229 0078 2146     		mov	r1, r4
 230 007a 4720     		movs	r0, #71
 231 007c FFF7FEFF 		bl	HAL_NVIC_SetPriority
 232              	.LVL10:
 102:Core/Src/usart.c ****   /* USER CODE BEGIN USART6_MspInit 1 */
 233              		.loc 1 102 5 view .LVU69
 234 0080 4720     		movs	r0, #71
 235 0082 FFF7FEFF 		bl	HAL_NVIC_EnableIRQ
 236              	.LVL11:
 237              		.loc 1 107 1 is_stmt 0 view .LVU70
 238 0086 CCE7     		b	.L7
 239              	.LVL12:
 240              	.L12:
  82:Core/Src/usart.c ****     }
 241              		.loc 1 82 7 is_stmt 1 view .LVU71
 242 0088 FFF7FEFF 		bl	Error_Handler
 243              	.LVL13:
 244 008c D2E7     		b	.L9
 245              	.L14:
 246 008e 00BF     		.align	2
 247              	.L13:
 248 0090 00140140 		.word	1073812480
 249 0094 00380240 		.word	1073887232
 250 0098 00080240 		.word	1073874944
 251              		.cfi_endproc
 252              	.LFE145:
 254              		.section	.text.HAL_UART_MspDeInit,"ax",%progbits
 255              		.align	1
 256              		.global	HAL_UART_MspDeInit
 257              		.syntax unified
 258              		.thumb
 259              		.thumb_func
 261              	HAL_UART_MspDeInit:
 262              	.LVL14:
 263              	.LFB146:
ARM GAS  D:\cygwin64\tmp\ccemRd4T.s 			page 8


 108:Core/Src/usart.c **** 
 109:Core/Src/usart.c **** void HAL_UART_MspDeInit(UART_HandleTypeDef* uartHandle)
 110:Core/Src/usart.c **** {
 264              		.loc 1 110 1 view -0
 265              		.cfi_startproc
 266              		@ args = 0, pretend = 0, frame = 0
 267              		@ frame_needed = 0, uses_anonymous_args = 0
 268              		.loc 1 110 1 is_stmt 0 view .LVU73
 269 0000 08B5     		push	{r3, lr}
 270              	.LCFI5:
 271              		.cfi_def_cfa_offset 8
 272              		.cfi_offset 3, -8
 273              		.cfi_offset 14, -4
 111:Core/Src/usart.c **** 
 112:Core/Src/usart.c ****   if(uartHandle->Instance==USART6)
 274              		.loc 1 112 3 is_stmt 1 view .LVU74
 275              		.loc 1 112 16 is_stmt 0 view .LVU75
 276 0002 0268     		ldr	r2, [r0]
 277              		.loc 1 112 5 view .LVU76
 278 0004 084B     		ldr	r3, .L19
 279 0006 9A42     		cmp	r2, r3
 280 0008 00D0     		beq	.L18
 281              	.LVL15:
 282              	.L15:
 113:Core/Src/usart.c ****   {
 114:Core/Src/usart.c ****   /* USER CODE BEGIN USART6_MspDeInit 0 */
 115:Core/Src/usart.c **** 
 116:Core/Src/usart.c ****   /* USER CODE END USART6_MspDeInit 0 */
 117:Core/Src/usart.c ****     /* Peripheral clock disable */
 118:Core/Src/usart.c ****     __HAL_RCC_USART6_CLK_DISABLE();
 119:Core/Src/usart.c **** 
 120:Core/Src/usart.c ****     /**USART6 GPIO Configuration
 121:Core/Src/usart.c ****     PC7     ------> USART6_RX
 122:Core/Src/usart.c ****     PC6     ------> USART6_TX
 123:Core/Src/usart.c ****     */
 124:Core/Src/usart.c ****     HAL_GPIO_DeInit(GPIOC, GPIO_PIN_7|GPIO_PIN_6);
 125:Core/Src/usart.c **** 
 126:Core/Src/usart.c ****     /* USART6 interrupt Deinit */
 127:Core/Src/usart.c ****     HAL_NVIC_DisableIRQ(USART6_IRQn);
 128:Core/Src/usart.c ****   /* USER CODE BEGIN USART6_MspDeInit 1 */
 129:Core/Src/usart.c **** 
 130:Core/Src/usart.c ****   /* USER CODE END USART6_MspDeInit 1 */
 131:Core/Src/usart.c ****   }
 132:Core/Src/usart.c **** }
 283              		.loc 1 132 1 view .LVU77
 284 000a 08BD     		pop	{r3, pc}
 285              	.LVL16:
 286              	.L18:
 118:Core/Src/usart.c **** 
 287              		.loc 1 118 5 is_stmt 1 view .LVU78
 288 000c 074A     		ldr	r2, .L19+4
 289 000e 536C     		ldr	r3, [r2, #68]
 290 0010 23F02003 		bic	r3, r3, #32
 291 0014 5364     		str	r3, [r2, #68]
 124:Core/Src/usart.c **** 
 292              		.loc 1 124 5 view .LVU79
 293 0016 C021     		movs	r1, #192
ARM GAS  D:\cygwin64\tmp\ccemRd4T.s 			page 9


 294 0018 0548     		ldr	r0, .L19+8
 295              	.LVL17:
 124:Core/Src/usart.c **** 
 296              		.loc 1 124 5 is_stmt 0 view .LVU80
 297 001a FFF7FEFF 		bl	HAL_GPIO_DeInit
 298              	.LVL18:
 127:Core/Src/usart.c ****   /* USER CODE BEGIN USART6_MspDeInit 1 */
 299              		.loc 1 127 5 is_stmt 1 view .LVU81
 300 001e 4720     		movs	r0, #71
 301 0020 FFF7FEFF 		bl	HAL_NVIC_DisableIRQ
 302              	.LVL19:
 303              		.loc 1 132 1 is_stmt 0 view .LVU82
 304 0024 F1E7     		b	.L15
 305              	.L20:
 306 0026 00BF     		.align	2
 307              	.L19:
 308 0028 00140140 		.word	1073812480
 309 002c 00380240 		.word	1073887232
 310 0030 00080240 		.word	1073874944
 311              		.cfi_endproc
 312              	.LFE146:
 314              		.section	.text.HAL_UART_RxCpltCallback,"ax",%progbits
 315              		.align	1
 316              		.global	HAL_UART_RxCpltCallback
 317              		.syntax unified
 318              		.thumb
 319              		.thumb_func
 321              	HAL_UART_RxCpltCallback:
 322              	.LVL20:
 323              	.LFB147:
 133:Core/Src/usart.c **** 
 134:Core/Src/usart.c **** /* USER CODE BEGIN 1 */
 135:Core/Src/usart.c **** void HAL_UART_RxCpltCallback(UART_HandleTypeDef *huart)
 136:Core/Src/usart.c **** {
 324              		.loc 1 136 1 is_stmt 1 view -0
 325              		.cfi_startproc
 326              		@ args = 0, pretend = 0, frame = 0
 327              		@ frame_needed = 0, uses_anonymous_args = 0
 328              		.loc 1 136 1 is_stmt 0 view .LVU84
 329 0000 08B5     		push	{r3, lr}
 330              	.LCFI6:
 331              		.cfi_def_cfa_offset 8
 332              		.cfi_offset 3, -8
 333              		.cfi_offset 14, -4
 137:Core/Src/usart.c ****     /* 判断是哪个串口触发的中断 */
 138:Core/Src/usart.c ****     if(huart ->Instance == USART6)
 334              		.loc 1 138 5 is_stmt 1 view .LVU85
 335              		.loc 1 138 14 is_stmt 0 view .LVU86
 336 0002 0268     		ldr	r2, [r0]
 337              		.loc 1 138 7 view .LVU87
 338 0004 114B     		ldr	r3, .L27
 339 0006 9A42     		cmp	r2, r3
 340 0008 00D0     		beq	.L26
 341              	.LVL21:
 342              	.L21:
 139:Core/Src/usart.c ****     {
 140:Core/Src/usart.c ****         if(usart6_def.readData != '\r' && usart6_def.readData  != '\n')
ARM GAS  D:\cygwin64\tmp\ccemRd4T.s 			page 10


 141:Core/Src/usart.c ****         {
 142:Core/Src/usart.c ****             usart6_def.readBuf[usart6_def.readLen]=usart6_def.readData;
 143:Core/Src/usart.c ****             usart6_def.readLen++;
 144:Core/Src/usart.c ****         }
 145:Core/Src/usart.c ****         else
 146:Core/Src/usart.c ****         {
 147:Core/Src/usart.c ****             usart6_def.readBuf[usart6_def.readLen]= '\0';//添加字符结束符
 148:Core/Src/usart.c ****             usart6_def.readFlag  = 1;//接收完成标志         
 149:Core/Src/usart.c ****         }
 150:Core/Src/usart.c ****         //等待下一次接收中断
 151:Core/Src/usart.c ****         HAL_UART_Receive_IT(huart,&usart6_def.readData,1);
 152:Core/Src/usart.c ****     } 
 153:Core/Src/usart.c **** }
 343              		.loc 1 153 1 view .LVU88
 344 000a 08BD     		pop	{r3, pc}
 345              	.LVL22:
 346              	.L26:
 140:Core/Src/usart.c ****         {
 347              		.loc 1 140 9 is_stmt 1 view .LVU89
 140:Core/Src/usart.c ****         {
 348              		.loc 1 140 22 is_stmt 0 view .LVU90
 349 000c 104B     		ldr	r3, .L27+4
 350 000e 1B78     		ldrb	r3, [r3]	@ zero_extendqisi2
 140:Core/Src/usart.c ****         {
 351              		.loc 1 140 11 view .LVU91
 352 0010 0D2B     		cmp	r3, #13
 353 0012 18BF     		it	ne
 354 0014 0A2B     		cmpne	r3, #10
 355 0016 0ED0     		beq	.L23
 142:Core/Src/usart.c ****             usart6_def.readLen++;
 356              		.loc 1 142 13 is_stmt 1 view .LVU92
 142:Core/Src/usart.c ****             usart6_def.readLen++;
 357              		.loc 1 142 42 is_stmt 0 view .LVU93
 358 0018 0D49     		ldr	r1, .L27+4
 359 001a 91F80121 		ldrb	r2, [r1, #257]	@ zero_extendqisi2
 142:Core/Src/usart.c ****             usart6_def.readLen++;
 360              		.loc 1 142 51 view .LVU94
 361 001e 01EB020C 		add	ip, r1, r2
 362 0022 8CF80130 		strb	r3, [ip, #1]
 143:Core/Src/usart.c ****         }
 363              		.loc 1 143 13 is_stmt 1 view .LVU95
 143:Core/Src/usart.c ****         }
 364              		.loc 1 143 31 is_stmt 0 view .LVU96
 365 0026 0132     		adds	r2, r2, #1
 366 0028 81F80121 		strb	r2, [r1, #257]
 367              	.L24:
 151:Core/Src/usart.c ****     } 
 368              		.loc 1 151 9 is_stmt 1 view .LVU97
 369 002c 0122     		movs	r2, #1
 370 002e 0849     		ldr	r1, .L27+4
 371 0030 FFF7FEFF 		bl	HAL_UART_Receive_IT
 372              	.LVL23:
 373              		.loc 1 153 1 is_stmt 0 view .LVU98
 374 0034 E9E7     		b	.L21
 375              	.LVL24:
 376              	.L23:
 147:Core/Src/usart.c ****             usart6_def.readFlag  = 1;//接收完成标志         
ARM GAS  D:\cygwin64\tmp\ccemRd4T.s 			page 11


 377              		.loc 1 147 13 is_stmt 1 view .LVU99
 147:Core/Src/usart.c ****             usart6_def.readFlag  = 1;//接收完成标志         
 378              		.loc 1 147 42 is_stmt 0 view .LVU100
 379 0036 064B     		ldr	r3, .L27+4
 380 0038 93F80121 		ldrb	r2, [r3, #257]	@ zero_extendqisi2
 147:Core/Src/usart.c ****             usart6_def.readFlag  = 1;//接收完成标志         
 381              		.loc 1 147 51 view .LVU101
 382 003c 1A44     		add	r2, r2, r3
 383 003e 0021     		movs	r1, #0
 384 0040 5170     		strb	r1, [r2, #1]
 148:Core/Src/usart.c ****         }
 385              		.loc 1 148 13 is_stmt 1 view .LVU102
 148:Core/Src/usart.c ****         }
 386              		.loc 1 148 34 is_stmt 0 view .LVU103
 387 0042 0122     		movs	r2, #1
 388 0044 83F80221 		strb	r2, [r3, #258]
 389 0048 F0E7     		b	.L24
 390              	.L28:
 391 004a 00BF     		.align	2
 392              	.L27:
 393 004c 00140140 		.word	1073812480
 394 0050 00000000 		.word	usart6_def
 395              		.cfi_endproc
 396              	.LFE147:
 398              		.section	.text._sys_exit,"ax",%progbits
 399              		.align	1
 400              		.global	_sys_exit
 401              		.syntax unified
 402              		.thumb
 403              		.thumb_func
 405              	_sys_exit:
 406              	.LVL25:
 407              	.LFB148:
 154:Core/Src/usart.c **** 
 155:Core/Src/usart.c **** 
 156:Core/Src/usart.c **** #if 1   
 157:Core/Src/usart.c **** void _sys_exit(int x)
 158:Core/Src/usart.c **** {
 408              		.loc 1 158 1 is_stmt 1 view -0
 409              		.cfi_startproc
 410              		@ args = 0, pretend = 0, frame = 0
 411              		@ frame_needed = 0, uses_anonymous_args = 0
 412              		@ link register save eliminated.
 159:Core/Src/usart.c ****    x = x;
 413              		.loc 1 159 4 view .LVU105
 160:Core/Src/usart.c **** }
 414              		.loc 1 160 1 is_stmt 0 view .LVU106
 415 0000 7047     		bx	lr
 416              		.cfi_endproc
 417              	.LFE148:
 419              		.section	.text.fputc,"ax",%progbits
 420              		.align	1
 421              		.global	fputc
 422              		.syntax unified
 423              		.thumb
 424              		.thumb_func
 426              	fputc:
ARM GAS  D:\cygwin64\tmp\ccemRd4T.s 			page 12


 427              	.LFB149:
 161:Core/Src/usart.c **** int fputc(int ch, FILE *f)
 162:Core/Src/usart.c **** {     
 428              		.loc 1 162 1 is_stmt 1 view -0
 429              		.cfi_startproc
 430              		@ args = 0, pretend = 0, frame = 0
 431              		@ frame_needed = 0, uses_anonymous_args = 0
 432              		@ link register save eliminated.
 433              	.LVL26:
 434              	.L31:
 163:Core/Src/usart.c ****   while((USART6-> ISR & 0X40)==0);  
 435              		.loc 1 163 30 discriminator 1 view .LVU108
 436              		.loc 1 163 16 is_stmt 0 discriminator 1 view .LVU109
 437 0000 044B     		ldr	r3, .L32
 438 0002 DB69     		ldr	r3, [r3, #28]
 439              		.loc 1 163 30 discriminator 1 view .LVU110
 440 0004 13F0400F 		tst	r3, #64
 441 0008 FAD0     		beq	.L31
 164:Core/Src/usart.c ****   USART6->TDR = (uint8_t) ch;     
 442              		.loc 1 164 3 is_stmt 1 view .LVU111
 443              		.loc 1 164 17 is_stmt 0 view .LVU112
 444 000a C2B2     		uxtb	r2, r0
 445              		.loc 1 164 15 view .LVU113
 446 000c 014B     		ldr	r3, .L32
 447 000e 9A62     		str	r2, [r3, #40]
 165:Core/Src/usart.c ****   return ch;
 448              		.loc 1 165 3 is_stmt 1 view .LVU114
 166:Core/Src/usart.c **** }
 449              		.loc 1 166 1 is_stmt 0 view .LVU115
 450 0010 7047     		bx	lr
 451              	.L33:
 452 0012 00BF     		.align	2
 453              	.L32:
 454 0014 00140140 		.word	1073812480
 455              		.cfi_endproc
 456              	.LFE149:
 458              		.global	huart6
 459              		.section	.bss.huart6,"aw",%nobits
 460              		.align	2
 463              	huart6:
 464 0000 00000000 		.space	136
 464      00000000 
 464      00000000 
 464      00000000 
 464      00000000 
 465              		.global	usart6_def
 466              		.section	.bss.usart6_def,"aw",%nobits
 467              		.align	2
 470              	usart6_def:
 471 0000 00000000 		.space	259
 471      00000000 
 471      00000000 
 471      00000000 
 471      00000000 
 472              		.text
 473              	.Letext0:
 474              		.file 2 "Drivers/CMSIS/Device/ST/STM32F7xx/Include/stm32f746xx.h"
ARM GAS  D:\cygwin64\tmp\ccemRd4T.s 			page 13


 475              		.file 3 "D:/arm-none-eabi-gcc/arm-gnu-toolchain-13.2.rel1-mingw-w64-i686-arm-none-eabi/arm-gnu-too
 476              		.file 4 "D:/arm-none-eabi-gcc/arm-gnu-toolchain-13.2.rel1-mingw-w64-i686-arm-none-eabi/arm-gnu-too
 477              		.file 5 "Drivers/STM32F7xx_HAL_Driver/Inc/stm32f7xx_hal_def.h"
 478              		.file 6 "Drivers/STM32F7xx_HAL_Driver/Inc/stm32f7xx_hal_rcc_ex.h"
 479              		.file 7 "Drivers/STM32F7xx_HAL_Driver/Inc/stm32f7xx_hal_gpio.h"
 480              		.file 8 "Drivers/STM32F7xx_HAL_Driver/Inc/stm32f7xx_hal_dma.h"
 481              		.file 9 "Drivers/STM32F7xx_HAL_Driver/Inc/stm32f7xx_hal_uart.h"
 482              		.file 10 "Core/Inc/usart.h"
 483              		.file 11 "D:/arm-none-eabi-gcc/arm-gnu-toolchain-13.2.rel1-mingw-w64-i686-arm-none-eabi/arm-gnu-to
 484              		.file 12 "D:/arm-none-eabi-gcc/arm-gnu-toolchain-13.2.rel1-mingw-w64-i686-arm-none-eabi/arm-gnu-to
 485              		.file 13 "D:/arm-none-eabi-gcc/arm-gnu-toolchain-13.2.rel1-mingw-w64-i686-arm-none-eabi/arm-gnu-to
 486              		.file 14 "D:/arm-none-eabi-gcc/arm-gnu-toolchain-13.2.rel1-mingw-w64-i686-arm-none-eabi/arm-gnu-to
 487              		.file 15 "D:/arm-none-eabi-gcc/arm-gnu-toolchain-13.2.rel1-mingw-w64-i686-arm-none-eabi/arm-gnu-to
 488              		.file 16 "Drivers/STM32F7xx_HAL_Driver/Inc/stm32f7xx_hal_cortex.h"
 489              		.file 17 "Core/Inc/main.h"
 490              		.file 18 "<built-in>"
ARM GAS  D:\cygwin64\tmp\ccemRd4T.s 			page 14


DEFINED SYMBOLS
                            *ABS*:00000000 usart.c
D:\cygwin64\tmp\ccemRd4T.s:21     .text.MX_USART6_UART_Init:00000000 $t
D:\cygwin64\tmp\ccemRd4T.s:27     .text.MX_USART6_UART_Init:00000000 MX_USART6_UART_Init
D:\cygwin64\tmp\ccemRd4T.s:91     .text.MX_USART6_UART_Init:00000030 $d
D:\cygwin64\tmp\ccemRd4T.s:463    .bss.huart6:00000000 huart6
D:\cygwin64\tmp\ccemRd4T.s:97     .text.HAL_UART_MspInit:00000000 $t
D:\cygwin64\tmp\ccemRd4T.s:103    .text.HAL_UART_MspInit:00000000 HAL_UART_MspInit
D:\cygwin64\tmp\ccemRd4T.s:248    .text.HAL_UART_MspInit:00000090 $d
D:\cygwin64\tmp\ccemRd4T.s:255    .text.HAL_UART_MspDeInit:00000000 $t
D:\cygwin64\tmp\ccemRd4T.s:261    .text.HAL_UART_MspDeInit:00000000 HAL_UART_MspDeInit
D:\cygwin64\tmp\ccemRd4T.s:308    .text.HAL_UART_MspDeInit:00000028 $d
D:\cygwin64\tmp\ccemRd4T.s:315    .text.HAL_UART_RxCpltCallback:00000000 $t
D:\cygwin64\tmp\ccemRd4T.s:321    .text.HAL_UART_RxCpltCallback:00000000 HAL_UART_RxCpltCallback
D:\cygwin64\tmp\ccemRd4T.s:393    .text.HAL_UART_RxCpltCallback:0000004c $d
D:\cygwin64\tmp\ccemRd4T.s:470    .bss.usart6_def:00000000 usart6_def
D:\cygwin64\tmp\ccemRd4T.s:399    .text._sys_exit:00000000 $t
D:\cygwin64\tmp\ccemRd4T.s:405    .text._sys_exit:00000000 _sys_exit
D:\cygwin64\tmp\ccemRd4T.s:420    .text.fputc:00000000 $t
D:\cygwin64\tmp\ccemRd4T.s:426    .text.fputc:00000000 fputc
D:\cygwin64\tmp\ccemRd4T.s:454    .text.fputc:00000014 $d
D:\cygwin64\tmp\ccemRd4T.s:460    .bss.huart6:00000000 $d
D:\cygwin64\tmp\ccemRd4T.s:467    .bss.usart6_def:00000000 $d

UNDEFINED SYMBOLS
HAL_UART_Init
Error_Handler
memset
HAL_RCCEx_PeriphCLKConfig
HAL_GPIO_Init
HAL_NVIC_SetPriority
HAL_NVIC_EnableIRQ
HAL_GPIO_DeInit
HAL_NVIC_DisableIRQ
HAL_UART_Receive_IT
